<?xml version="1.0" encoding="UTF-8"?>
<!-- Generated by org.testng.reporters.JUnitReportReporter -->
<testsuite hostname="LAPTOP-4ADV37L1" failures="0" tests="1" name="com.SCM.ManufacturerModule.ManfacAddProductByKgPTest" time="7.315" errors="0" timestamp="2023-12-01T09:19:28 IST" skipped="0">
  <testcase classname="com.SCM.ManufacturerModule.ManfacAddProductByKgPTest" name="manfacAddProductByKgPTes" time="7.315"/>
  <system-out/>
</testsuite> <!-- com.SCM.ManufacturerModule.ManfacAddProductByKgPTest -->
