<?xml version="1.0" encoding="UTF-8"?>
<!-- Generated by org.testng.reporters.JUnitReportReporter -->
<testsuite hostname="LAPTOP-4ADV37L1" failures="0" tests="1" name="com.SCM.AdminModule.EditTheManufacturerTest" time="2.756" errors="0" timestamp="2023-11-23T16:11:44 IST" skipped="0">
  <testcase classname="com.SCM.AdminModule.EditTheManufacturerTest" name="editTheManufacturerTest" time="2.756"/>
  <system-out>
    <![CDATA[editTheManufacturerTest--- Testscript execution starts Here ----
editTheManufacturerTest---Testscript executed sucessfully]]>
  </system-out>
</testsuite> <!-- com.SCM.AdminModule.EditTheManufacturerTest -->
