<?xml version="1.0" encoding="UTF-8"?>
<!-- Generated by org.testng.reporters.JUnitReportReporter -->
<testsuite hostname="LAPTOP-4ADV37L1" failures="0" tests="1" name="com.SCM.ManufacturerModule.ManfacAddProductByKgTest" time="5.176" errors="0" timestamp="2023-11-30T15:25:16 IST" skipped="0">
  <testcase classname="com.SCM.ManufacturerModule.ManfacAddProductByKgTest" name="manfacAddProductByKgTest" time="5.176"/>
  <system-out/>
</testsuite> <!-- com.SCM.ManufacturerModule.ManfacAddProductByKgTest -->
