<?xml version="1.0" encoding="UTF-8"?>
<!-- Generated by org.testng.reporters.JUnitReportReporter -->
<testsuite hostname="LAPTOP-4ADV37L1" failures="0" tests="1" name="com.SCM.AdminModule.AddRetailerWithMandtoryFieldTest" time="8.616" errors="0" timestamp="2023-11-30T15:25:16 IST" skipped="0">
  <testcase classname="com.SCM.AdminModule.AddRetailerWithMandtoryFieldTest" name="addRetailerWithMandtoryFieldTest" time="8.616"/>
  <system-out/>
</testsuite> <!-- com.SCM.AdminModule.AddRetailerWithMandtoryFieldTest -->
