<?xml version="1.0" encoding="UTF-8"?>
<!-- Generated by org.testng.reporters.JUnitReportReporter -->
<testsuite hostname="LAPTOP-4ADV37L1" failures="0" tests="1" name="com.SCM.AdminModule.EditTheManufacturerTest" time="4.012" errors="0" timestamp="2023-11-30T15:25:16 IST" skipped="0">
  <testcase classname="com.SCM.AdminModule.EditTheManufacturerTest" name="editTheManufacturerTest" time="4.012"/>
  <system-out/>
</testsuite> <!-- com.SCM.AdminModule.EditTheManufacturerTest -->
